

Started GET "/rails/info/properties" for 127.0.0.1 at 2011-03-26 16:29:17 -0400
  Processing by Rails::InfoController#properties as 
  [1m[36mSQL (0.4ms)[0m  [1m SELECT name
 FROM sqlite_master
 WHERE type = 'table' AND NOT name = 'sqlite_sequence'
[0m
Rendered inline template (0.5ms)
Completed 200 OK in 39ms (Views: 1.4ms | ActiveRecord: 0.4ms)


Started GET "/rails/info/properties" for 127.0.0.1 at 2011-03-26 16:29:22 -0400
  Processing by Rails::InfoController#properties as 
Rendered inline template (0.4ms)
Completed 200 OK in 1ms (Views: 0.8ms | ActiveRecord: 0.0ms)


Started GET "/products" for 127.0.0.1 at 2011-03-26 17:41:42 -0400
  Processing by ProductsController#index as HTML
  [1m[36mProduct Load (0.4ms)[0m  [1mSELECT "products".* FROM "products"[0m
SQLite3::SQLException: no such table: products: SELECT "products".* FROM "products"
Completed   in 70ms

ActiveRecord::StatementInvalid (SQLite3::SQLException: no such table: products: SELECT "products".* FROM "products"):
  app/controllers/products_controller.rb:13:in `index'

Rendered /Users/jmao/.rvm/gems/ruby-1.9.2-p136/gems/actionpack-3.0.4/lib/action_dispatch/middleware/templates/rescues/_trace.erb (1.3ms)
Rendered /Users/jmao/.rvm/gems/ruby-1.9.2-p136/gems/actionpack-3.0.4/lib/action_dispatch/middleware/templates/rescues/_request_and_response.erb (2.6ms)
Rendered /Users/jmao/.rvm/gems/ruby-1.9.2-p136/gems/actionpack-3.0.4/lib/action_dispatch/middleware/templates/rescues/diagnostics.erb within rescues/layout (9.2ms)
  [1m[36mSQL (0.3ms)[0m  [1m SELECT name
 FROM sqlite_master
 WHERE type = 'table' AND NOT name = 'sqlite_sequence'
[0m
  [1m[35mSQL (0.1ms)[0m  select sqlite_version(*)
  [1m[36mSQL (2.8ms)[0m  [1mCREATE TABLE "schema_migrations" ("version" varchar(255) NOT NULL) [0m
  [1m[35mSQL (0.1ms)[0m  PRAGMA index_list("schema_migrations")
  [1m[36mSQL (2.1ms)[0m  [1mCREATE UNIQUE INDEX "unique_schema_migrations" ON "schema_migrations" ("version")[0m
  [1m[35mSQL (0.2ms)[0m   SELECT name
 FROM sqlite_master
 WHERE type = 'table' AND NOT name = 'sqlite_sequence'
  [1m[36mSQL (0.1ms)[0m  [1m SELECT name
 FROM sqlite_master
 WHERE type = 'table' AND NOT name = 'sqlite_sequence'
[0m
  [1m[35mSQL (0.1ms)[0m  SELECT "schema_migrations"."version" FROM "schema_migrations"
Migrating to CreateProducts (20110211000001)
  [1m[36mSQL (0.5ms)[0m  [1mCREATE TABLE "products" ("id" INTEGER PRIMARY KEY AUTOINCREMENT NOT NULL, "title" varchar(255), "description" text, "image_url" varchar(255), "price" decimal(8,2), "created_at" datetime, "updated_at" datetime) [0m
  [1m[35mSQL (0.2ms)[0m  INSERT INTO "schema_migrations" ("version") VALUES ('20110211000001')
  [1m[36mSQL (0.2ms)[0m  [1m SELECT name
 FROM sqlite_master
 WHERE type = 'table' AND NOT name = 'sqlite_sequence'
[0m
  [1m[35mSQL (0.1ms)[0m  SELECT "schema_migrations"."version" FROM "schema_migrations"
  [1m[36mSQL (0.1ms)[0m  [1m SELECT name
 FROM sqlite_master
 WHERE type = 'table' AND NOT name = 'sqlite_sequence'
[0m
  [1m[35mSQL (0.0ms)[0m  PRAGMA index_list("products")


Started GET "/products" for 127.0.0.1 at 2011-03-26 17:43:17 -0400
  Processing by ProductsController#index as HTML
  [1m[35mProduct Load (0.3ms)[0m  SELECT "products".* FROM "products"
SQLite3::SchemaChangedException: no such table: products: SELECT "products".* FROM "products"
Completed   in 7ms

ActiveRecord::StatementInvalid (SQLite3::SchemaChangedException: no such table: products: SELECT "products".* FROM "products"):
  app/controllers/products_controller.rb:13:in `index'

Rendered /Users/jmao/.rvm/gems/ruby-1.9.2-p136/gems/actionpack-3.0.4/lib/action_dispatch/middleware/templates/rescues/_trace.erb (1.4ms)
Rendered /Users/jmao/.rvm/gems/ruby-1.9.2-p136/gems/actionpack-3.0.4/lib/action_dispatch/middleware/templates/rescues/_request_and_response.erb (3.0ms)
Rendered /Users/jmao/.rvm/gems/ruby-1.9.2-p136/gems/actionpack-3.0.4/lib/action_dispatch/middleware/templates/rescues/diagnostics.erb within rescues/layout (8.4ms)


Started GET "/products" for 127.0.0.1 at 2011-03-26 17:44:47 -0400
  Processing by ProductsController#index as HTML
  [1m[36mProduct Load (0.4ms)[0m  [1mSELECT "products".* FROM "products"[0m
Rendered products/index.html.erb within layouts/application (2.8ms)
Completed 200 OK in 55ms (Views: 7.8ms | ActiveRecord: 0.4ms)


Started GET "/products/new" for 127.0.0.1 at 2011-03-26 17:44:50 -0400
  Processing by ProductsController#new as HTML
Rendered products/_form.html.erb (66.3ms)
Rendered products/new.html.erb within layouts/application (69.9ms)
Completed 200 OK in 84ms (Views: 74.4ms | ActiveRecord: 0.0ms)


Started POST "/products" for 127.0.0.1 at 2011-03-26 17:45:03 -0400
  Processing by ProductsController#create as HTML
  Parameters: {"utf8"=>"✓", "authenticity_token"=>"+c66In9QWbGGSASUUeMxH5FSOSUVzWxqaS7eqQErTqM=", "product"=>{"title"=>"max", "description"=>"well", "image_url"=>"http://www.brightcove.com", "price"=>"100"}, "commit"=>"Create Product"}
  [1m[35mSQL (0.2ms)[0m   SELECT name
 FROM sqlite_master
 WHERE type = 'table' AND NOT name = 'sqlite_sequence'
  [1m[36mAREL (0.4ms)[0m  [1mINSERT INTO "products" ("title", "description", "image_url", "price", "created_at", "updated_at") VALUES ('max', 'well', 'http://www.brightcove.com', 100.0, '2011-03-26 21:45:03.770322', '2011-03-26 21:45:03.770322')[0m
Redirected to http://localhost:3000/products/1
Completed 302 Found in 37ms


Started GET "/products/1" for 127.0.0.1 at 2011-03-26 17:45:03 -0400
  Processing by ProductsController#show as HTML
  Parameters: {"id"=>"1"}
  [1m[35mProduct Load (0.2ms)[0m  SELECT "products".* FROM "products" WHERE "products"."id" = 1 LIMIT 1
Rendered products/show.html.erb within layouts/application (44.5ms)
Completed 200 OK in 60ms (Views: 49.8ms | ActiveRecord: 0.8ms)


Started GET "/products" for 127.0.0.1 at 2011-03-26 17:46:00 -0400
  Processing by ProductsController#index as HTML
  [1m[36mProduct Load (0.4ms)[0m  [1mSELECT "products".* FROM "products"[0m
Rendered products/index.html.erb within layouts/application (11.6ms)
Completed 200 OK in 22ms (Views: 15.8ms | ActiveRecord: 0.4ms)


Started GET "/products" for 127.0.0.1 at 2011-03-26 17:48:06 -0400
  Processing by ProductsController#index as HTML
  [1m[35mProduct Load (0.4ms)[0m  SELECT "products".* FROM "products"
Rendered products/index.html.erb within layouts/application (42.1ms)
Completed 200 OK in 54ms (Views: 46.8ms | ActiveRecord: 0.4ms)


Started GET "/products/1/edit" for 127.0.0.1 at 2011-03-26 17:48:21 -0400
  Processing by ProductsController#edit as HTML
  Parameters: {"id"=>"1"}
  [1m[36mProduct Load (0.2ms)[0m  [1mSELECT "products".* FROM "products" WHERE "products"."id" = 1 LIMIT 1[0m
Rendered products/_form.html.erb (11.8ms)
Rendered products/edit.html.erb within layouts/application (15.7ms)
Completed 200 OK in 29ms (Views: 20.1ms | ActiveRecord: 0.2ms)


Started POST "/products/1" for 127.0.0.1 at 2011-03-26 17:49:40 -0400
  Processing by ProductsController#update as HTML
  Parameters: {"utf8"=>"✓", "authenticity_token"=>"+c66In9QWbGGSASUUeMxH5FSOSUVzWxqaS7eqQErTqM=", "product"=>{"title"=>"max", "description"=>"well well", "image_url"=>"http://www.brightcove.com", "price"=>"100"}, "commit"=>"Update Product", "id"=>"1"}
  [1m[35mProduct Load (0.2ms)[0m  SELECT "products".* FROM "products" WHERE "products"."id" = 1 LIMIT 1
  [1m[36mAREL (0.4ms)[0m  [1mUPDATE "products" SET "description" = 'well well', "updated_at" = '2011-03-26 21:49:40.819409' WHERE "products"."id" = 1[0m
Redirected to http://localhost:3000/products/1
Completed 302 Found in 53ms


Started GET "/products/1" for 127.0.0.1 at 2011-03-26 17:49:40 -0400
  Processing by ProductsController#show as HTML
  Parameters: {"id"=>"1"}
  [1m[35mProduct Load (0.2ms)[0m  SELECT "products".* FROM "products" WHERE "products"."id" = 1 LIMIT 1
Rendered products/show.html.erb within layouts/application (11.4ms)
Completed 200 OK in 26ms (Views: 16.7ms | ActiveRecord: 0.8ms)


Started GET "/products/1/edit" for 127.0.0.1 at 2011-03-26 17:50:03 -0400
  Processing by ProductsController#edit as HTML
  Parameters: {"id"=>"1"}
  [1m[36mProduct Load (0.2ms)[0m  [1mSELECT "products".* FROM "products" WHERE "products"."id" = 1 LIMIT 1[0m
Rendered products/_form.html.erb (13.1ms)
Rendered products/edit.html.erb within layouts/application (17.0ms)
Completed 200 OK in 62ms (Views: 21.6ms | ActiveRecord: 0.2ms)


Started POST "/products/1" for 127.0.0.1 at 2011-03-26 17:50:09 -0400
  Processing by ProductsController#update as HTML
  Parameters: {"utf8"=>"✓", "authenticity_token"=>"+c66In9QWbGGSASUUeMxH5FSOSUVzWxqaS7eqQErTqM=", "product"=>{"title"=>"max", "description"=>"well well well", "image_url"=>"http://www.brightcove.com", "price"=>"100"}, "commit"=>"Update Product", "id"=>"1"}
  [1m[35mProduct Load (0.2ms)[0m  SELECT "products".* FROM "products" WHERE "products"."id" = 1 LIMIT 1
  [1m[36mAREL (0.4ms)[0m  [1mUPDATE "products" SET "description" = 'well well well', "updated_at" = '2011-03-26 21:50:09.467845' WHERE "products"."id" = 1[0m
Redirected to http://localhost:3000/products/1
Completed 302 Found in 21ms


Started GET "/products/1" for 127.0.0.1 at 2011-03-26 17:50:09 -0400
  Processing by ProductsController#show as HTML
  Parameters: {"id"=>"1"}
  [1m[35mProduct Load (0.2ms)[0m  SELECT "products".* FROM "products" WHERE "products"."id" = 1 LIMIT 1
Rendered products/show.html.erb within layouts/application (45.0ms)
Completed 200 OK in 59ms (Views: 49.5ms | ActiveRecord: 0.7ms)


Started GET "/products/1/edit" for 127.0.0.1 at 2011-03-26 17:51:18 -0400
  Processing by ProductsController#edit as HTML
  Parameters: {"id"=>"1"}
  [1m[36mProduct Load (0.2ms)[0m  [1mSELECT "products".* FROM "products" WHERE "products"."id" = 1 LIMIT 1[0m
Rendered products/_form.html.erb (11.7ms)
Rendered products/edit.html.erb within layouts/application (15.8ms)
Completed 200 OK in 30ms (Views: 20.4ms | ActiveRecord: 0.2ms)


Started GET "/products" for 127.0.0.1 at 2011-03-26 17:54:33 -0400
  Processing by ProductsController#index as HTML
  [1m[35mProduct Load (0.4ms)[0m  SELECT "products".* FROM "products"
Rendered products/index.html.erb within layouts/application (42.7ms)
Completed 200 OK in 54ms (Views: 47.6ms | ActiveRecord: 0.4ms)
  [1m[36mProduct Load (0.5ms)[0m  [1mSELECT "products".* FROM "products"[0m
  [1m[36mSQL (0.5ms)[0m  [1m SELECT name
 FROM sqlite_master
 WHERE type = 'table' AND NOT name = 'sqlite_sequence'
[0m


Started GET "/products" for 127.0.0.1 at 2011-03-27 12:17:42 -0400
  Processing by ProductsController#index as HTML
  [1m[35mProduct Load (0.2ms)[0m  SELECT "products".* FROM "products"
Rendered products/index.html.erb within layouts/application (10.3ms)
Completed 200 OK in 57ms (Views: 14.6ms | ActiveRecord: 0.7ms)
  [1m[36mSQL (0.5ms)[0m  [1m SELECT name
 FROM sqlite_master
 WHERE type = 'table' AND NOT name = 'sqlite_sequence'
[0m


Started GET "/products" for 127.0.0.1 at 2011-03-29 18:25:06 -0400
  Processing by ProductsController#index as HTML
  [1m[36mProduct Load (0.4ms)[0m  [1mSELECT "products".* FROM "products"[0m
Rendered products/index.html.erb within layouts/application (44.6ms)
Completed 200 OK in 57ms (Views: 49.5ms | ActiveRecord: 0.4ms)


Started GET "/products" for 127.0.0.1 at 2011-03-29 18:28:32 -0400
  Processing by ProductsController#index as HTML
  [1m[35mProduct Load (0.4ms)[0m  SELECT "products".* FROM "products"
Completed 406 Not Acceptable in 7ms


Started GET "/products.json" for 127.0.0.1 at 2011-03-29 18:28:48 -0400
  Processing by ProductsController#index as JSON
  [1m[36mProduct Load (0.4ms)[0m  [1mSELECT "products".* FROM "products"[0m
Completed 200 OK in 51ms (Views: 12.4ms | ActiveRecord: 0.0ms)


Started GET "/products.json" for 127.0.0.1 at 2011-03-29 18:30:17 -0400
  Processing by ProductsController#index as JSON
  [1m[35mProduct Load (0.4ms)[0m  SELECT "products".* FROM "products"
Completed 200 OK in 52ms (Views: 41.2ms | ActiveRecord: 0.0ms)


Started GET "/products" for 127.0.0.1 at 2011-03-29 18:33:22 -0400
  Processing by ProductsController#index as 
  [1m[36mProduct Load (0.4ms)[0m  [1mSELECT "products".* FROM "products"[0m
Completed 200 OK in 19ms (Views: 9.2ms | ActiveRecord: 0.0ms)


Started POST "/products" for 127.0.0.1 at 2011-03-29 20:09:12 -0400
  Processing by ProductsController#create as 
  Parameters: {"json"=>"{'name':'abc'}"}
Completed 201 Created in 19ms (Views: 2.3ms | ActiveRecord: 0.0ms)


Started GET "/products" for 127.0.0.1 at 2011-03-29 20:10:10 -0400
  Processing by ProductsController#index as 
  [1m[35mProduct Load (0.4ms)[0m  SELECT "products".* FROM "products"
Completed 200 OK in 59ms (Views: 9.9ms | ActiveRecord: 0.0ms)


Started GET "/products" for 127.0.0.1 at 2011-03-29 20:10:51 -0400
  Processing by ProductsController#index as 
  [1m[36mProduct Load (0.5ms)[0m  [1mSELECT "products".* FROM "products"[0m
Completed 200 OK in 21ms (Views: 9.5ms | ActiveRecord: 0.0ms)


Started POST "/products" for 127.0.0.1 at 2011-03-29 20:11:13 -0400
  Processing by ProductsController#create as 
  Parameters: {"json"=>"{'name':'abc'}"}
#<Product:0x00000101cb16d0>
{"json"=>"{'name':'abc'}", "action"=>"create", "controller"=>"products"}
Completed 201 Created in 18ms (Views: 2.3ms | ActiveRecord: 0.0ms)


Started POST "/products" for 127.0.0.1 at 2011-03-29 20:12:04 -0400
  Processing by ProductsController#create as 
  Parameters: {"json"=>"{'name':'abc'}"}
#<Product:0x00000102bc8970>
{"json"=>"{'name':'abc'}", "action"=>"create", "controller"=>"products"}

Completed 201 Created in 20ms (Views: 2.8ms | ActiveRecord: 0.0ms)


Started POST "/products" for 127.0.0.1 at 2011-03-29 20:13:12 -0400
  Processing by ProductsController#create as 
  Parameters: {"json"=>"{product:{'name':'abc'}}"}
#<Product:0x00000102a91458>
Completed   in 9ms

TypeError (can't convert ActiveSupport::HashWithIndifferentAccess into String):
  app/controllers/products_controller.rb:58:in `+'
  app/controllers/products_controller.rb:58:in `create'

Rendered /Users/jmao/.rvm/gems/ruby-1.9.2-p136/gems/actionpack-3.0.4/lib/action_dispatch/middleware/templates/rescues/_trace.erb (1.2ms)
Rendered /Users/jmao/.rvm/gems/ruby-1.9.2-p136/gems/actionpack-3.0.4/lib/action_dispatch/middleware/templates/rescues/_request_and_response.erb (2.7ms)
Rendered /Users/jmao/.rvm/gems/ruby-1.9.2-p136/gems/actionpack-3.0.4/lib/action_dispatch/middleware/templates/rescues/diagnostics.erb within rescues/layout (8.2ms)


Started POST "/products" for 127.0.0.1 at 2011-03-29 20:13:59 -0400
  Processing by ProductsController#create as 
  Parameters: {"json"=>"{product:{'name':'abc'}}"}
#<Product:0x00000101ab2fa0>
params {"json"=>"{product:{'name':'abc'}}", "action"=>"create", "controller"=>"products"}
product 
Completed 201 Created in 19ms (Views: 2.3ms | ActiveRecord: 0.0ms)


Started POST "/products" for 127.0.0.1 at 2011-03-29 20:14:32 -0400
  Processing by ProductsController#create as 
  Parameters: {"json"=>"{product:{'name':'abc'}}"}
#<Product:0x00000102b9a3e0>
params {"json"=>"{product:{'name':'abc'}}", "action"=>"create", "controller"=>"products"}
product 
Completed   in 9ms

NoMethodError (undefined method `name' for nil:NilClass):
  app/controllers/products_controller.rb:60:in `create'

Rendered /Users/jmao/.rvm/gems/ruby-1.9.2-p136/gems/actionpack-3.0.4/lib/action_dispatch/middleware/templates/rescues/_trace.erb (1.1ms)
Rendered /Users/jmao/.rvm/gems/ruby-1.9.2-p136/gems/actionpack-3.0.4/lib/action_dispatch/middleware/templates/rescues/_request_and_response.erb (2.5ms)
Rendered /Users/jmao/.rvm/gems/ruby-1.9.2-p136/gems/actionpack-3.0.4/lib/action_dispatch/middleware/templates/rescues/diagnostics.erb within rescues/layout (7.3ms)


Started POST "/products" for 127.0.0.1 at 2011-03-29 20:16:31 -0400
  Processing by ProductsController#create as 
  Parameters: {"json"=>"{product:{'name':'abc'}}"}
  [1m[35mSQL (0.4ms)[0m   SELECT name
 FROM sqlite_master
 WHERE type = 'table' AND NOT name = 'sqlite_sequence'
Completed   in 10ms

NoMethodError (undefined method `key' for #<Class:0x000001029403b0>):
  app/models/product.rb:11:in `<class:Product>'
  app/models/product.rb:9:in `<top (required)>'
  app/controllers/products_controller.rb:56:in `create'

Rendered /Users/jmao/.rvm/gems/ruby-1.9.2-p136/gems/actionpack-3.0.4/lib/action_dispatch/middleware/templates/rescues/_trace.erb (1.3ms)
Rendered /Users/jmao/.rvm/gems/ruby-1.9.2-p136/gems/actionpack-3.0.4/lib/action_dispatch/middleware/templates/rescues/_request_and_response.erb (2.5ms)
Rendered /Users/jmao/.rvm/gems/ruby-1.9.2-p136/gems/actionpack-3.0.4/lib/action_dispatch/middleware/templates/rescues/diagnostics.erb within rescues/layout (7.6ms)


Started POST "/products" for 127.0.0.1 at 2011-03-29 20:21:03 -0400
  Processing by ProductsController#create as 
  Parameters: {"json"=>"{product:{'title':'abc'}}"}
#<Product:0x000001019c76b8>
params {"json"=>"{product:{'title':'abc'}}", "action"=>"create", "controller"=>"products"}
product 
Completed   in 22ms

NoMethodError (undefined method `name' for nil:NilClass):
  app/controllers/products_controller.rb:60:in `create'

Rendered /Users/jmao/.rvm/gems/ruby-1.9.2-p136/gems/actionpack-3.0.4/lib/action_dispatch/middleware/templates/rescues/_trace.erb (35.4ms)
Rendered /Users/jmao/.rvm/gems/ruby-1.9.2-p136/gems/actionpack-3.0.4/lib/action_dispatch/middleware/templates/rescues/_request_and_response.erb (2.8ms)
Rendered /Users/jmao/.rvm/gems/ruby-1.9.2-p136/gems/actionpack-3.0.4/lib/action_dispatch/middleware/templates/rescues/diagnostics.erb within rescues/layout (42.2ms)


Started POST "/products" for 127.0.0.1 at 2011-03-29 20:21:24 -0400
  Processing by ProductsController#create as 
  Parameters: {"json"=>"{product:{'title':'abc'}}"}
#<Product:0x00000102b3b700>
params {"json"=>"{product:{'title':'abc'}}", "action"=>"create", "controller"=>"products"}
product 
Completed   in 10ms

NoMethodError (undefined method `title' for nil:NilClass):
  app/controllers/products_controller.rb:60:in `create'

Rendered /Users/jmao/.rvm/gems/ruby-1.9.2-p136/gems/actionpack-3.0.4/lib/action_dispatch/middleware/templates/rescues/_trace.erb (1.3ms)
Rendered /Users/jmao/.rvm/gems/ruby-1.9.2-p136/gems/actionpack-3.0.4/lib/action_dispatch/middleware/templates/rescues/_request_and_response.erb (2.6ms)
Rendered /Users/jmao/.rvm/gems/ruby-1.9.2-p136/gems/actionpack-3.0.4/lib/action_dispatch/middleware/templates/rescues/diagnostics.erb within rescues/layout (8.7ms)


Started POST "/products" for 127.0.0.1 at 2011-03-29 20:23:08 -0400
Error occurred while parsing request parameters.
Contents:


StandardError (Invalid JSON string):
  

Rendered /Users/jmao/.rvm/gems/ruby-1.9.2-p136/gems/actionpack-3.0.4/lib/action_dispatch/middleware/templates/rescues/_trace.erb (1.2ms)
Rendered /Users/jmao/.rvm/gems/ruby-1.9.2-p136/gems/actionpack-3.0.4/lib/action_dispatch/middleware/templates/rescues/_request_and_response.erb (1.2ms)
Rendered /Users/jmao/.rvm/gems/ruby-1.9.2-p136/gems/actionpack-3.0.4/lib/action_dispatch/middleware/templates/rescues/diagnostics.erb within rescues/layout (5.9ms)


Started POST "/products" for 127.0.0.1 at 2011-03-29 20:23:38 -0400
  Processing by ProductsController#create as 
  Parameters: {"product"=>{"title"=>"abc"}}
#<Product:0x00000101bb7518>
params {"product"=>{"title"=>"abc"}, "action"=>"create", "controller"=>"products"}
product {"title"=>"abc"}
Completed   in 13ms

NoMethodError (undefined method `title' for {"title"=>"abc"}:ActiveSupport::HashWithIndifferentAccess):
  app/controllers/products_controller.rb:60:in `create'

Rendered /Users/jmao/.rvm/gems/ruby-1.9.2-p136/gems/actionpack-3.0.4/lib/action_dispatch/middleware/templates/rescues/_trace.erb (1.2ms)
Rendered /Users/jmao/.rvm/gems/ruby-1.9.2-p136/gems/actionpack-3.0.4/lib/action_dispatch/middleware/templates/rescues/_request_and_response.erb (2.7ms)
Rendered /Users/jmao/.rvm/gems/ruby-1.9.2-p136/gems/actionpack-3.0.4/lib/action_dispatch/middleware/templates/rescues/diagnostics.erb within rescues/layout (7.6ms)


Started POST "/products" for 127.0.0.1 at 2011-03-29 20:25:06 -0400
  Processing by ProductsController#create as 
  Parameters: {"product"=>{"title"=>"abc"}}
#<Product:0x00000102baa060>
params {"product"=>{"title"=>"abc"}, "action"=>"create", "controller"=>"products"}
product {"title"=>"abc"}
product abc
Completed 201 Created in 18ms (Views: 2.2ms | ActiveRecord: 0.0ms)
  [1m[36mSQL (0.5ms)[0m  [1m SELECT name
 FROM sqlite_master
 WHERE type = 'table' AND NOT name = 'sqlite_sequence'
[0m
  [1m[35mSQL (0.1ms)[0m   SELECT name
 FROM sqlite_master
 WHERE type = 'table' AND NOT name = 'sqlite_sequence'
  [1m[36mSQL (0.1ms)[0m  [1mSELECT "schema_migrations"."version" FROM "schema_migrations"[0m
  [1m[35mSQL (0.2ms)[0m  select sqlite_version(*)
  [1m[36mSQL (0.1ms)[0m  [1m SELECT name
 FROM sqlite_master
 WHERE type = 'table' AND NOT name = 'sqlite_sequence'
[0m
  [1m[35mSQL (1.6ms)[0m  CREATE TABLE "products" ("id" INTEGER PRIMARY KEY AUTOINCREMENT NOT NULL, "title" varchar(255), "description" text, "image_url" varchar(255), "price" decimal(8,2), "created_at" datetime, "updated_at" datetime) 
  [1m[36mSQL (0.1ms)[0m  [1m SELECT name
 FROM sqlite_master
 WHERE type = 'table' AND NOT name = 'sqlite_sequence'
[0m
  [1m[35mSQL (1.4ms)[0m  CREATE TABLE "schema_migrations" ("version" varchar(255) NOT NULL) 
  [1m[36mSQL (0.1ms)[0m  [1mPRAGMA index_list("schema_migrations")[0m
  [1m[35mSQL (1.4ms)[0m  CREATE UNIQUE INDEX "unique_schema_migrations" ON "schema_migrations" ("version")
  [1m[36mSQL (0.2ms)[0m  [1m SELECT name
 FROM sqlite_master
 WHERE type = 'table' AND NOT name = 'sqlite_sequence'
[0m
  [1m[35mSQL (0.1ms)[0m  SELECT version FROM "schema_migrations"
  [1m[36mSQL (1.4ms)[0m  [1mINSERT INTO "schema_migrations" (version) VALUES ('20110211000001')[0m
  [1m[36mSQL (0.5ms)[0m  [1m SELECT name
 FROM sqlite_master
 WHERE type = 'table' AND NOT name = 'sqlite_sequence'
[0m
  [1m[35mSQL (0.1ms)[0m   SELECT name
 FROM sqlite_master
 WHERE type = 'table' AND NOT name = 'sqlite_sequence'
  [1m[36mSQL (0.1ms)[0m  [1mSELECT "schema_migrations"."version" FROM "schema_migrations"[0m
  [1m[35mSQL (0.2ms)[0m  select sqlite_version(*)
  [1m[36mSQL (0.1ms)[0m  [1m SELECT name
 FROM sqlite_master
 WHERE type = 'table' AND NOT name = 'sqlite_sequence'
[0m
  [1m[35mSQL (2.9ms)[0m  CREATE TABLE "products" ("id" INTEGER PRIMARY KEY AUTOINCREMENT NOT NULL, "title" varchar(255), "description" text, "image_url" varchar(255), "price" decimal(8,2), "created_at" datetime, "updated_at" datetime) 
  [1m[36mSQL (0.2ms)[0m  [1m SELECT name
 FROM sqlite_master
 WHERE type = 'table' AND NOT name = 'sqlite_sequence'
[0m
  [1m[35mSQL (1.3ms)[0m  CREATE TABLE "schema_migrations" ("version" varchar(255) NOT NULL) 
  [1m[36mSQL (0.0ms)[0m  [1mPRAGMA index_list("schema_migrations")[0m
  [1m[35mSQL (1.4ms)[0m  CREATE UNIQUE INDEX "unique_schema_migrations" ON "schema_migrations" ("version")
  [1m[36mSQL (0.2ms)[0m  [1m SELECT name
 FROM sqlite_master
 WHERE type = 'table' AND NOT name = 'sqlite_sequence'
[0m
  [1m[35mSQL (0.1ms)[0m  SELECT version FROM "schema_migrations"
  [1m[36mSQL (1.3ms)[0m  [1mINSERT INTO "schema_migrations" (version) VALUES ('20110211000001')[0m
  [1m[36mSQL (0.5ms)[0m  [1m SELECT name
 FROM sqlite_master
 WHERE type = 'table' AND NOT name = 'sqlite_sequence'
[0m
  [1m[35mSQL (0.1ms)[0m   SELECT name
 FROM sqlite_master
 WHERE type = 'table' AND NOT name = 'sqlite_sequence'
  [1m[36mSQL (0.1ms)[0m  [1mSELECT "schema_migrations"."version" FROM "schema_migrations"[0m
  [1m[35mSQL (0.2ms)[0m  select sqlite_version(*)
  [1m[36mSQL (0.1ms)[0m  [1m SELECT name
 FROM sqlite_master
 WHERE type = 'table' AND NOT name = 'sqlite_sequence'
[0m
  [1m[35mSQL (2.6ms)[0m  CREATE TABLE "products" ("id" INTEGER PRIMARY KEY AUTOINCREMENT NOT NULL, "title" varchar(255), "description" text, "image_url" varchar(255), "price" decimal(8,2), "created_at" datetime, "updated_at" datetime) 
  [1m[36mSQL (0.2ms)[0m  [1m SELECT name
 FROM sqlite_master
 WHERE type = 'table' AND NOT name = 'sqlite_sequence'
[0m
  [1m[35mSQL (1.5ms)[0m  CREATE TABLE "schema_migrations" ("version" varchar(255) NOT NULL) 
  [1m[36mSQL (0.1ms)[0m  [1mPRAGMA index_list("schema_migrations")[0m
  [1m[35mSQL (1.3ms)[0m  CREATE UNIQUE INDEX "unique_schema_migrations" ON "schema_migrations" ("version")
  [1m[36mSQL (0.1ms)[0m  [1m SELECT name
 FROM sqlite_master
 WHERE type = 'table' AND NOT name = 'sqlite_sequence'
[0m
  [1m[35mSQL (0.1ms)[0m  SELECT version FROM "schema_migrations"
  [1m[36mSQL (1.2ms)[0m  [1mINSERT INTO "schema_migrations" (version) VALUES ('20110211000001')[0m
  [1m[36mSQL (0.5ms)[0m  [1m SELECT name
 FROM sqlite_master
 WHERE type = 'table' AND NOT name = 'sqlite_sequence'
[0m
  [1m[35mSQL (0.1ms)[0m   SELECT name
 FROM sqlite_master
 WHERE type = 'table' AND NOT name = 'sqlite_sequence'
  [1m[36mSQL (0.1ms)[0m  [1mSELECT "schema_migrations"."version" FROM "schema_migrations"[0m
  [1m[35mSQL (0.2ms)[0m  select sqlite_version(*)
  [1m[36mSQL (0.1ms)[0m  [1m SELECT name
 FROM sqlite_master
 WHERE type = 'table' AND NOT name = 'sqlite_sequence'
[0m
  [1m[35mSQL (2.9ms)[0m  CREATE TABLE "products" ("id" INTEGER PRIMARY KEY AUTOINCREMENT NOT NULL, "title" varchar(255), "description" text, "image_url" varchar(255), "price" decimal(8,2), "created_at" datetime, "updated_at" datetime) 
  [1m[36mSQL (0.2ms)[0m  [1m SELECT name
 FROM sqlite_master
 WHERE type = 'table' AND NOT name = 'sqlite_sequence'
[0m
  [1m[35mSQL (1.4ms)[0m  CREATE TABLE "schema_migrations" ("version" varchar(255) NOT NULL) 
  [1m[36mSQL (0.1ms)[0m  [1mPRAGMA index_list("schema_migrations")[0m
  [1m[35mSQL (1.6ms)[0m  CREATE UNIQUE INDEX "unique_schema_migrations" ON "schema_migrations" ("version")
  [1m[36mSQL (0.1ms)[0m  [1m SELECT name
 FROM sqlite_master
 WHERE type = 'table' AND NOT name = 'sqlite_sequence'
[0m
  [1m[35mSQL (0.1ms)[0m  SELECT version FROM "schema_migrations"
  [1m[36mSQL (1.6ms)[0m  [1mINSERT INTO "schema_migrations" (version) VALUES ('20110211000001')[0m
  [1m[36mSQL (0.5ms)[0m  [1m SELECT name
 FROM sqlite_master
 WHERE type = 'table' AND NOT name = 'sqlite_sequence'
[0m
  [1m[35mSQL (0.1ms)[0m   SELECT name
 FROM sqlite_master
 WHERE type = 'table' AND NOT name = 'sqlite_sequence'
  [1m[36mSQL (0.1ms)[0m  [1mSELECT "schema_migrations"."version" FROM "schema_migrations"[0m
  [1m[35mSQL (0.2ms)[0m  select sqlite_version(*)
  [1m[36mSQL (0.1ms)[0m  [1m SELECT name
 FROM sqlite_master
 WHERE type = 'table' AND NOT name = 'sqlite_sequence'
[0m
  [1m[35mSQL (2.6ms)[0m  CREATE TABLE "products" ("id" INTEGER PRIMARY KEY AUTOINCREMENT NOT NULL, "title" varchar(255), "description" text, "image_url" varchar(255), "price" decimal(8,2), "created_at" datetime, "updated_at" datetime) 
  [1m[36mSQL (0.2ms)[0m  [1m SELECT name
 FROM sqlite_master
 WHERE type = 'table' AND NOT name = 'sqlite_sequence'
[0m
  [1m[35mSQL (1.5ms)[0m  CREATE TABLE "schema_migrations" ("version" varchar(255) NOT NULL) 
  [1m[36mSQL (0.1ms)[0m  [1mPRAGMA index_list("schema_migrations")[0m
  [1m[35mSQL (1.6ms)[0m  CREATE UNIQUE INDEX "unique_schema_migrations" ON "schema_migrations" ("version")
  [1m[36mSQL (0.1ms)[0m  [1m SELECT name
 FROM sqlite_master
 WHERE type = 'table' AND NOT name = 'sqlite_sequence'
[0m
  [1m[35mSQL (0.1ms)[0m  SELECT version FROM "schema_migrations"
  [1m[36mSQL (1.3ms)[0m  [1mINSERT INTO "schema_migrations" (version) VALUES ('20110211000001')[0m
  [1m[36mSQL (0.5ms)[0m  [1m SELECT name
 FROM sqlite_master
 WHERE type = 'table' AND NOT name = 'sqlite_sequence'
[0m
  [1m[35mSQL (0.1ms)[0m   SELECT name
 FROM sqlite_master
 WHERE type = 'table' AND NOT name = 'sqlite_sequence'
  [1m[36mSQL (0.1ms)[0m  [1mSELECT "schema_migrations"."version" FROM "schema_migrations"[0m
  [1m[35mSQL (0.2ms)[0m  select sqlite_version(*)
  [1m[36mSQL (0.1ms)[0m  [1m SELECT name
 FROM sqlite_master
 WHERE type = 'table' AND NOT name = 'sqlite_sequence'
[0m
  [1m[35mSQL (2.8ms)[0m  CREATE TABLE "products" ("id" INTEGER PRIMARY KEY AUTOINCREMENT NOT NULL, "title" varchar(255), "description" text, "image_url" varchar(255), "price" decimal(8,2), "created_at" datetime, "updated_at" datetime) 
  [1m[36mSQL (0.2ms)[0m  [1m SELECT name
 FROM sqlite_master
 WHERE type = 'table' AND NOT name = 'sqlite_sequence'
[0m
  [1m[35mSQL (1.6ms)[0m  CREATE TABLE "schema_migrations" ("version" varchar(255) NOT NULL) 
  [1m[36mSQL (0.1ms)[0m  [1mPRAGMA index_list("schema_migrations")[0m
  [1m[35mSQL (1.5ms)[0m  CREATE UNIQUE INDEX "unique_schema_migrations" ON "schema_migrations" ("version")
  [1m[36mSQL (0.2ms)[0m  [1m SELECT name
 FROM sqlite_master
 WHERE type = 'table' AND NOT name = 'sqlite_sequence'
[0m
  [1m[35mSQL (0.1ms)[0m  SELECT version FROM "schema_migrations"
  [1m[36mSQL (1.2ms)[0m  [1mINSERT INTO "schema_migrations" (version) VALUES ('20110211000001')[0m
  [1m[36mSQL (0.5ms)[0m  [1m SELECT name
 FROM sqlite_master
 WHERE type = 'table' AND NOT name = 'sqlite_sequence'
[0m
  [1m[35mSQL (0.1ms)[0m   SELECT name
 FROM sqlite_master
 WHERE type = 'table' AND NOT name = 'sqlite_sequence'
  [1m[36mSQL (0.1ms)[0m  [1mSELECT "schema_migrations"."version" FROM "schema_migrations"[0m
  [1m[35mSQL (0.2ms)[0m  select sqlite_version(*)
  [1m[36mSQL (0.1ms)[0m  [1m SELECT name
 FROM sqlite_master
 WHERE type = 'table' AND NOT name = 'sqlite_sequence'
[0m
  [1m[35mSQL (2.7ms)[0m  CREATE TABLE "products" ("id" INTEGER PRIMARY KEY AUTOINCREMENT NOT NULL, "title" varchar(255), "description" text, "image_url" varchar(255), "price" decimal(8,2), "created_at" datetime, "updated_at" datetime) 
  [1m[36mSQL (0.2ms)[0m  [1m SELECT name
 FROM sqlite_master
 WHERE type = 'table' AND NOT name = 'sqlite_sequence'
[0m
  [1m[35mSQL (1.2ms)[0m  CREATE TABLE "schema_migrations" ("version" varchar(255) NOT NULL) 
  [1m[36mSQL (0.1ms)[0m  [1mPRAGMA index_list("schema_migrations")[0m
  [1m[35mSQL (1.3ms)[0m  CREATE UNIQUE INDEX "unique_schema_migrations" ON "schema_migrations" ("version")
  [1m[36mSQL (0.2ms)[0m  [1m SELECT name
 FROM sqlite_master
 WHERE type = 'table' AND NOT name = 'sqlite_sequence'
[0m
  [1m[35mSQL (0.1ms)[0m  SELECT version FROM "schema_migrations"
  [1m[36mSQL (1.2ms)[0m  [1mINSERT INTO "schema_migrations" (version) VALUES ('20110211000001')[0m
  [1m[36mSQL (0.5ms)[0m  [1m SELECT name
 FROM sqlite_master
 WHERE type = 'table' AND NOT name = 'sqlite_sequence'
[0m
  [1m[35mSQL (0.1ms)[0m   SELECT name
 FROM sqlite_master
 WHERE type = 'table' AND NOT name = 'sqlite_sequence'
  [1m[36mSQL (0.1ms)[0m  [1mSELECT "schema_migrations"."version" FROM "schema_migrations"[0m
  [1m[35mSQL (0.2ms)[0m  select sqlite_version(*)
  [1m[36mSQL (0.1ms)[0m  [1m SELECT name
 FROM sqlite_master
 WHERE type = 'table' AND NOT name = 'sqlite_sequence'
[0m
  [1m[35mSQL (2.6ms)[0m  CREATE TABLE "products" ("id" INTEGER PRIMARY KEY AUTOINCREMENT NOT NULL, "title" varchar(255), "description" text, "image_url" varchar(255), "price" decimal(8,2), "created_at" datetime, "updated_at" datetime) 
  [1m[36mSQL (0.2ms)[0m  [1m SELECT name
 FROM sqlite_master
 WHERE type = 'table' AND NOT name = 'sqlite_sequence'
[0m
  [1m[35mSQL (1.4ms)[0m  CREATE TABLE "schema_migrations" ("version" varchar(255) NOT NULL) 
  [1m[36mSQL (0.1ms)[0m  [1mPRAGMA index_list("schema_migrations")[0m
  [1m[35mSQL (1.4ms)[0m  CREATE UNIQUE INDEX "unique_schema_migrations" ON "schema_migrations" ("version")
  [1m[36mSQL (0.1ms)[0m  [1m SELECT name
 FROM sqlite_master
 WHERE type = 'table' AND NOT name = 'sqlite_sequence'
[0m
  [1m[35mSQL (0.1ms)[0m  SELECT version FROM "schema_migrations"
  [1m[36mSQL (1.4ms)[0m  [1mINSERT INTO "schema_migrations" (version) VALUES ('20110211000001')[0m
  [1m[36mSQL (0.5ms)[0m  [1m SELECT name
 FROM sqlite_master
 WHERE type = 'table' AND NOT name = 'sqlite_sequence'
[0m
  [1m[35mSQL (0.1ms)[0m   SELECT name
 FROM sqlite_master
 WHERE type = 'table' AND NOT name = 'sqlite_sequence'
  [1m[36mSQL (0.1ms)[0m  [1mSELECT "schema_migrations"."version" FROM "schema_migrations"[0m
  [1m[35mSQL (0.2ms)[0m  select sqlite_version(*)
  [1m[36mSQL (0.1ms)[0m  [1m SELECT name
 FROM sqlite_master
 WHERE type = 'table' AND NOT name = 'sqlite_sequence'
[0m
  [1m[35mSQL (3.0ms)[0m  CREATE TABLE "products" ("id" INTEGER PRIMARY KEY AUTOINCREMENT NOT NULL, "title" varchar(255), "description" text, "image_url" varchar(255), "price" decimal(8,2), "created_at" datetime, "updated_at" datetime) 
  [1m[36mSQL (0.2ms)[0m  [1m SELECT name
 FROM sqlite_master
 WHERE type = 'table' AND NOT name = 'sqlite_sequence'
[0m
  [1m[35mSQL (1.9ms)[0m  CREATE TABLE "schema_migrations" ("version" varchar(255) NOT NULL) 
  [1m[36mSQL (0.1ms)[0m  [1mPRAGMA index_list("schema_migrations")[0m
  [1m[35mSQL (2.0ms)[0m  CREATE UNIQUE INDEX "unique_schema_migrations" ON "schema_migrations" ("version")
  [1m[36mSQL (0.2ms)[0m  [1m SELECT name
 FROM sqlite_master
 WHERE type = 'table' AND NOT name = 'sqlite_sequence'
[0m
  [1m[35mSQL (0.1ms)[0m  SELECT version FROM "schema_migrations"
  [1m[36mSQL (1.6ms)[0m  [1mINSERT INTO "schema_migrations" (version) VALUES ('20110211000001')[0m
  [1m[36mSQL (0.5ms)[0m  [1m SELECT name
 FROM sqlite_master
 WHERE type = 'table' AND NOT name = 'sqlite_sequence'
[0m
  [1m[35mSQL (0.1ms)[0m   SELECT name
 FROM sqlite_master
 WHERE type = 'table' AND NOT name = 'sqlite_sequence'
  [1m[36mSQL (0.1ms)[0m  [1mSELECT "schema_migrations"."version" FROM "schema_migrations"[0m
  [1m[35mSQL (0.2ms)[0m  select sqlite_version(*)
  [1m[36mSQL (0.1ms)[0m  [1m SELECT name
 FROM sqlite_master
 WHERE type = 'table' AND NOT name = 'sqlite_sequence'
[0m
  [1m[35mSQL (2.9ms)[0m  CREATE TABLE "products" ("id" INTEGER PRIMARY KEY AUTOINCREMENT NOT NULL, "title" varchar(255), "description" text, "image_url" varchar(255), "price" decimal(8,2), "created_at" datetime, "updated_at" datetime) 
  [1m[36mSQL (0.2ms)[0m  [1m SELECT name
 FROM sqlite_master
 WHERE type = 'table' AND NOT name = 'sqlite_sequence'
[0m
  [1m[35mSQL (1.6ms)[0m  CREATE TABLE "schema_migrations" ("version" varchar(255) NOT NULL) 
  [1m[36mSQL (0.1ms)[0m  [1mPRAGMA index_list("schema_migrations")[0m
  [1m[35mSQL (1.7ms)[0m  CREATE UNIQUE INDEX "unique_schema_migrations" ON "schema_migrations" ("version")
  [1m[36mSQL (0.2ms)[0m  [1m SELECT name
 FROM sqlite_master
 WHERE type = 'table' AND NOT name = 'sqlite_sequence'
[0m
  [1m[35mSQL (0.1ms)[0m  SELECT version FROM "schema_migrations"
  [1m[36mSQL (1.3ms)[0m  [1mINSERT INTO "schema_migrations" (version) VALUES ('20110211000001')[0m
  [1m[36mSQL (0.5ms)[0m  [1m SELECT name
 FROM sqlite_master
 WHERE type = 'table' AND NOT name = 'sqlite_sequence'
[0m
  [1m[35mSQL (0.1ms)[0m   SELECT name
 FROM sqlite_master
 WHERE type = 'table' AND NOT name = 'sqlite_sequence'
  [1m[36mSQL (0.1ms)[0m  [1mSELECT "schema_migrations"."version" FROM "schema_migrations"[0m
  [1m[35mSQL (0.2ms)[0m  select sqlite_version(*)
  [1m[36mSQL (0.1ms)[0m  [1m SELECT name
 FROM sqlite_master
 WHERE type = 'table' AND NOT name = 'sqlite_sequence'
[0m
  [1m[35mSQL (2.6ms)[0m  CREATE TABLE "products" ("id" INTEGER PRIMARY KEY AUTOINCREMENT NOT NULL, "title" varchar(255), "description" text, "image_url" varchar(255), "price" decimal(8,2), "created_at" datetime, "updated_at" datetime) 
  [1m[36mSQL (0.2ms)[0m  [1m SELECT name
 FROM sqlite_master
 WHERE type = 'table' AND NOT name = 'sqlite_sequence'
[0m
  [1m[35mSQL (1.6ms)[0m  CREATE TABLE "schema_migrations" ("version" varchar(255) NOT NULL) 
  [1m[36mSQL (0.0ms)[0m  [1mPRAGMA index_list("schema_migrations")[0m
  [1m[35mSQL (1.5ms)[0m  CREATE UNIQUE INDEX "unique_schema_migrations" ON "schema_migrations" ("version")
  [1m[36mSQL (0.1ms)[0m  [1m SELECT name
 FROM sqlite_master
 WHERE type = 'table' AND NOT name = 'sqlite_sequence'
[0m
  [1m[35mSQL (0.1ms)[0m  SELECT version FROM "schema_migrations"
  [1m[36mSQL (1.6ms)[0m  [1mINSERT INTO "schema_migrations" (version) VALUES ('20110211000001')[0m
  [1m[36mSQL (0.5ms)[0m  [1m SELECT name
 FROM sqlite_master
 WHERE type = 'table' AND NOT name = 'sqlite_sequence'
[0m
  [1m[35mSQL (0.1ms)[0m   SELECT name
 FROM sqlite_master
 WHERE type = 'table' AND NOT name = 'sqlite_sequence'
  [1m[36mSQL (0.1ms)[0m  [1mSELECT "schema_migrations"."version" FROM "schema_migrations"[0m
  [1m[35mSQL (0.2ms)[0m  select sqlite_version(*)
  [1m[36mSQL (0.1ms)[0m  [1m SELECT name
 FROM sqlite_master
 WHERE type = 'table' AND NOT name = 'sqlite_sequence'
[0m
  [1m[35mSQL (2.6ms)[0m  CREATE TABLE "products" ("id" INTEGER PRIMARY KEY AUTOINCREMENT NOT NULL, "title" varchar(255), "description" text, "image_url" varchar(255), "price" decimal(8,2), "created_at" datetime, "updated_at" datetime) 
  [1m[36mSQL (0.4ms)[0m  [1m SELECT name
 FROM sqlite_master
 WHERE type = 'table' AND NOT name = 'sqlite_sequence'
[0m
  [1m[35mSQL (1.6ms)[0m  CREATE TABLE "schema_migrations" ("version" varchar(255) NOT NULL) 
  [1m[36mSQL (0.1ms)[0m  [1mPRAGMA index_list("schema_migrations")[0m
  [1m[35mSQL (1.5ms)[0m  CREATE UNIQUE INDEX "unique_schema_migrations" ON "schema_migrations" ("version")
  [1m[36mSQL (0.1ms)[0m  [1m SELECT name
 FROM sqlite_master
 WHERE type = 'table' AND NOT name = 'sqlite_sequence'
[0m
  [1m[35mSQL (0.1ms)[0m  SELECT version FROM "schema_migrations"
  [1m[36mSQL (1.3ms)[0m  [1mINSERT INTO "schema_migrations" (version) VALUES ('20110211000001')[0m
  [1m[36mSQL (0.6ms)[0m  [1m SELECT name
 FROM sqlite_master
 WHERE type = 'table' AND NOT name = 'sqlite_sequence'
[0m
  [1m[35mSQL (0.2ms)[0m   SELECT name
 FROM sqlite_master
 WHERE type = 'table' AND NOT name = 'sqlite_sequence'
  [1m[36mSQL (0.3ms)[0m  [1mSELECT "schema_migrations"."version" FROM "schema_migrations"[0m
  [1m[35mSQL (0.2ms)[0m  select sqlite_version(*)
  [1m[36mSQL (0.1ms)[0m  [1m SELECT name
 FROM sqlite_master
 WHERE type = 'table' AND NOT name = 'sqlite_sequence'
[0m
  [1m[35mSQL (3.0ms)[0m  CREATE TABLE "products" ("id" INTEGER PRIMARY KEY AUTOINCREMENT NOT NULL, "title" varchar(255), "description" text, "image_url" varchar(255), "price" decimal(8,2), "created_at" datetime, "updated_at" datetime) 
  [1m[36mSQL (0.2ms)[0m  [1m SELECT name
 FROM sqlite_master
 WHERE type = 'table' AND NOT name = 'sqlite_sequence'
[0m
  [1m[35mSQL (1.5ms)[0m  CREATE TABLE "schema_migrations" ("version" varchar(255) NOT NULL) 
  [1m[36mSQL (0.1ms)[0m  [1mPRAGMA index_list("schema_migrations")[0m
  [1m[35mSQL (1.5ms)[0m  CREATE UNIQUE INDEX "unique_schema_migrations" ON "schema_migrations" ("version")
  [1m[36mSQL (0.5ms)[0m  [1m SELECT name
 FROM sqlite_master
 WHERE type = 'table' AND NOT name = 'sqlite_sequence'
[0m
  [1m[35mSQL (0.1ms)[0m  SELECT version FROM "schema_migrations"
  [1m[36mSQL (1.0ms)[0m  [1mINSERT INTO "schema_migrations" (version) VALUES ('20110211000001')[0m
  [1m[36mSQL (0.5ms)[0m  [1m SELECT name
 FROM sqlite_master
 WHERE type = 'table' AND NOT name = 'sqlite_sequence'
[0m
  [1m[35mSQL (0.1ms)[0m   SELECT name
 FROM sqlite_master
 WHERE type = 'table' AND NOT name = 'sqlite_sequence'
  [1m[36mSQL (0.1ms)[0m  [1mSELECT "schema_migrations"."version" FROM "schema_migrations"[0m
  [1m[35mSQL (0.2ms)[0m  select sqlite_version(*)
  [1m[36mSQL (0.1ms)[0m  [1m SELECT name
 FROM sqlite_master
 WHERE type = 'table' AND NOT name = 'sqlite_sequence'
[0m
  [1m[35mSQL (2.8ms)[0m  CREATE TABLE "products" ("id" INTEGER PRIMARY KEY AUTOINCREMENT NOT NULL, "title" varchar(255), "description" text, "image_url" varchar(255), "price" decimal(8,2), "created_at" datetime, "updated_at" datetime) 
  [1m[36mSQL (0.2ms)[0m  [1m SELECT name
 FROM sqlite_master
 WHERE type = 'table' AND NOT name = 'sqlite_sequence'
[0m
  [1m[35mSQL (1.5ms)[0m  CREATE TABLE "schema_migrations" ("version" varchar(255) NOT NULL) 
  [1m[36mSQL (0.1ms)[0m  [1mPRAGMA index_list("schema_migrations")[0m
  [1m[35mSQL (1.6ms)[0m  CREATE UNIQUE INDEX "unique_schema_migrations" ON "schema_migrations" ("version")
  [1m[36mSQL (0.2ms)[0m  [1m SELECT name
 FROM sqlite_master
 WHERE type = 'table' AND NOT name = 'sqlite_sequence'
[0m
  [1m[35mSQL (0.1ms)[0m  SELECT version FROM "schema_migrations"
  [1m[36mSQL (1.4ms)[0m  [1mINSERT INTO "schema_migrations" (version) VALUES ('20110211000001')[0m
  [1m[36mSQL (0.5ms)[0m  [1m SELECT name
 FROM sqlite_master
 WHERE type = 'table' AND NOT name = 'sqlite_sequence'
[0m
  [1m[35mSQL (0.1ms)[0m   SELECT name
 FROM sqlite_master
 WHERE type = 'table' AND NOT name = 'sqlite_sequence'
  [1m[36mSQL (0.2ms)[0m  [1mSELECT "schema_migrations"."version" FROM "schema_migrations"[0m
  [1m[35mSQL (0.2ms)[0m  select sqlite_version(*)
  [1m[36mSQL (0.1ms)[0m  [1m SELECT name
 FROM sqlite_master
 WHERE type = 'table' AND NOT name = 'sqlite_sequence'
[0m
  [1m[35mSQL (2.6ms)[0m  CREATE TABLE "products" ("id" INTEGER PRIMARY KEY AUTOINCREMENT NOT NULL, "title" varchar(255), "description" text, "image_url" varchar(255), "price" decimal(8,2), "created_at" datetime, "updated_at" datetime) 
  [1m[36mSQL (0.2ms)[0m  [1m SELECT name
 FROM sqlite_master
 WHERE type = 'table' AND NOT name = 'sqlite_sequence'
[0m
  [1m[35mSQL (1.6ms)[0m  CREATE TABLE "schema_migrations" ("version" varchar(255) NOT NULL) 
  [1m[36mSQL (0.1ms)[0m  [1mPRAGMA index_list("schema_migrations")[0m
  [1m[35mSQL (1.5ms)[0m  CREATE UNIQUE INDEX "unique_schema_migrations" ON "schema_migrations" ("version")
  [1m[36mSQL (0.1ms)[0m  [1m SELECT name
 FROM sqlite_master
 WHERE type = 'table' AND NOT name = 'sqlite_sequence'
[0m
  [1m[35mSQL (0.1ms)[0m  SELECT version FROM "schema_migrations"
  [1m[36mSQL (1.3ms)[0m  [1mINSERT INTO "schema_migrations" (version) VALUES ('20110211000001')[0m
  [1m[36mSQL (0.5ms)[0m  [1m SELECT name
 FROM sqlite_master
 WHERE type = 'table' AND NOT name = 'sqlite_sequence'
[0m
  [1m[35mSQL (0.1ms)[0m   SELECT name
 FROM sqlite_master
 WHERE type = 'table' AND NOT name = 'sqlite_sequence'
  [1m[36mSQL (0.1ms)[0m  [1mSELECT "schema_migrations"."version" FROM "schema_migrations"[0m
  [1m[35mSQL (0.2ms)[0m  select sqlite_version(*)
  [1m[36mSQL (0.1ms)[0m  [1m SELECT name
 FROM sqlite_master
 WHERE type = 'table' AND NOT name = 'sqlite_sequence'
[0m
  [1m[35mSQL (2.7ms)[0m  CREATE TABLE "products" ("id" INTEGER PRIMARY KEY AUTOINCREMENT NOT NULL, "title" varchar(255), "description" text, "image_url" varchar(255), "price" decimal(8,2), "created_at" datetime, "updated_at" datetime) 
  [1m[36mSQL (0.2ms)[0m  [1m SELECT name
 FROM sqlite_master
 WHERE type = 'table' AND NOT name = 'sqlite_sequence'
[0m
  [1m[35mSQL (1.6ms)[0m  CREATE TABLE "schema_migrations" ("version" varchar(255) NOT NULL) 
  [1m[36mSQL (0.1ms)[0m  [1mPRAGMA index_list("schema_migrations")[0m
  [1m[35mSQL (1.5ms)[0m  CREATE UNIQUE INDEX "unique_schema_migrations" ON "schema_migrations" ("version")
  [1m[36mSQL (0.2ms)[0m  [1m SELECT name
 FROM sqlite_master
 WHERE type = 'table' AND NOT name = 'sqlite_sequence'
[0m
  [1m[35mSQL (0.1ms)[0m  SELECT version FROM "schema_migrations"
  [1m[36mSQL (1.4ms)[0m  [1mINSERT INTO "schema_migrations" (version) VALUES ('20110211000001')[0m
  [1m[36mSQL (0.5ms)[0m  [1m SELECT name
 FROM sqlite_master
 WHERE type = 'table' AND NOT name = 'sqlite_sequence'
[0m
  [1m[35mSQL (0.1ms)[0m   SELECT name
 FROM sqlite_master
 WHERE type = 'table' AND NOT name = 'sqlite_sequence'
  [1m[36mSQL (0.1ms)[0m  [1mSELECT "schema_migrations"."version" FROM "schema_migrations"[0m
  [1m[35mSQL (0.2ms)[0m  select sqlite_version(*)
  [1m[36mSQL (0.1ms)[0m  [1m SELECT name
 FROM sqlite_master
 WHERE type = 'table' AND NOT name = 'sqlite_sequence'
[0m
  [1m[35mSQL (1.9ms)[0m  CREATE TABLE "products" ("id" INTEGER PRIMARY KEY AUTOINCREMENT NOT NULL, "title" varchar(255), "description" text, "image_url" varchar(255), "price" decimal(8,2), "created_at" datetime, "updated_at" datetime) 
  [1m[36mSQL (0.2ms)[0m  [1m SELECT name
 FROM sqlite_master
 WHERE type = 'table' AND NOT name = 'sqlite_sequence'
[0m
  [1m[35mSQL (1.2ms)[0m  CREATE TABLE "schema_migrations" ("version" varchar(255) NOT NULL) 
  [1m[36mSQL (0.1ms)[0m  [1mPRAGMA index_list("schema_migrations")[0m
  [1m[35mSQL (1.5ms)[0m  CREATE UNIQUE INDEX "unique_schema_migrations" ON "schema_migrations" ("version")
  [1m[36mSQL (0.2ms)[0m  [1m SELECT name
 FROM sqlite_master
 WHERE type = 'table' AND NOT name = 'sqlite_sequence'
[0m
  [1m[35mSQL (0.1ms)[0m  SELECT version FROM "schema_migrations"
  [1m[36mSQL (1.5ms)[0m  [1mINSERT INTO "schema_migrations" (version) VALUES ('20110211000001')[0m
  [1m[36mSQL (0.5ms)[0m  [1m SELECT name
 FROM sqlite_master
 WHERE type = 'table' AND NOT name = 'sqlite_sequence'
[0m
  [1m[35mSQL (0.1ms)[0m   SELECT name
 FROM sqlite_master
 WHERE type = 'table' AND NOT name = 'sqlite_sequence'
  [1m[36mSQL (0.1ms)[0m  [1mSELECT "schema_migrations"."version" FROM "schema_migrations"[0m
  [1m[35mSQL (0.2ms)[0m  select sqlite_version(*)
  [1m[36mSQL (0.1ms)[0m  [1m SELECT name
 FROM sqlite_master
 WHERE type = 'table' AND NOT name = 'sqlite_sequence'
[0m
  [1m[35mSQL (3.2ms)[0m  CREATE TABLE "products" ("id" INTEGER PRIMARY KEY AUTOINCREMENT NOT NULL, "title" varchar(255), "description" text, "image_url" varchar(255), "price" decimal(8,2), "created_at" datetime, "updated_at" datetime) 
  [1m[36mSQL (0.2ms)[0m  [1m SELECT name
 FROM sqlite_master
 WHERE type = 'table' AND NOT name = 'sqlite_sequence'
[0m
  [1m[35mSQL (1.4ms)[0m  CREATE TABLE "schema_migrations" ("version" varchar(255) NOT NULL) 
  [1m[36mSQL (0.1ms)[0m  [1mPRAGMA index_list("schema_migrations")[0m
  [1m[35mSQL (1.5ms)[0m  CREATE UNIQUE INDEX "unique_schema_migrations" ON "schema_migrations" ("version")
  [1m[36mSQL (0.2ms)[0m  [1m SELECT name
 FROM sqlite_master
 WHERE type = 'table' AND NOT name = 'sqlite_sequence'
[0m
  [1m[35mSQL (0.1ms)[0m  SELECT version FROM "schema_migrations"
  [1m[36mSQL (1.5ms)[0m  [1mINSERT INTO "schema_migrations" (version) VALUES ('20110211000001')[0m
  [1m[36mSQL (0.5ms)[0m  [1m SELECT name
 FROM sqlite_master
 WHERE type = 'table' AND NOT name = 'sqlite_sequence'
[0m
  [1m[35mSQL (0.1ms)[0m   SELECT name
 FROM sqlite_master
 WHERE type = 'table' AND NOT name = 'sqlite_sequence'
  [1m[36mSQL (0.1ms)[0m  [1mSELECT "schema_migrations"."version" FROM "schema_migrations"[0m
  [1m[35mSQL (0.2ms)[0m  select sqlite_version(*)
  [1m[36mSQL (0.1ms)[0m  [1m SELECT name
 FROM sqlite_master
 WHERE type = 'table' AND NOT name = 'sqlite_sequence'
[0m
  [1m[35mSQL (2.8ms)[0m  CREATE TABLE "products" ("id" INTEGER PRIMARY KEY AUTOINCREMENT NOT NULL, "title" varchar(255), "description" text, "image_url" varchar(255), "price" decimal(8,2), "created_at" datetime, "updated_at" datetime) 
  [1m[36mSQL (0.2ms)[0m  [1m SELECT name
 FROM sqlite_master
 WHERE type = 'table' AND NOT name = 'sqlite_sequence'
[0m
  [1m[35mSQL (1.3ms)[0m  CREATE TABLE "schema_migrations" ("version" varchar(255) NOT NULL) 
  [1m[36mSQL (0.0ms)[0m  [1mPRAGMA index_list("schema_migrations")[0m
  [1m[35mSQL (1.5ms)[0m  CREATE UNIQUE INDEX "unique_schema_migrations" ON "schema_migrations" ("version")
  [1m[36mSQL (0.1ms)[0m  [1m SELECT name
 FROM sqlite_master
 WHERE type = 'table' AND NOT name = 'sqlite_sequence'
[0m
  [1m[35mSQL (0.1ms)[0m  SELECT version FROM "schema_migrations"
  [1m[36mSQL (1.6ms)[0m  [1mINSERT INTO "schema_migrations" (version) VALUES ('20110211000001')[0m
  [1m[36mSQL (0.2ms)[0m  [1m SELECT name
 FROM sqlite_master
 WHERE type = 'table' AND NOT name = 'sqlite_sequence'
[0m
  [1m[35mAREL (0.5ms)[0m  INSERT INTO "products" ("title", "description", "image_url", "price", "created_at", "updated_at") VALUES ('p1', NULL, NULL, NULL, '2011-04-01 16:01:41.518449', '2011-04-01 16:01:41.518449')
  [1m[36mAREL (0.5ms)[0m  [1mINSERT INTO "products" ("title", "description", "image_url", "price", "created_at", "updated_at") VALUES (123, NULL, NULL, NULL, '2011-04-01 16:01:51.112978', '2011-04-01 16:01:51.112978')[0m
  [1m[35mAREL (0.5ms)[0m  INSERT INTO "products" ("title", "description", "image_url", "price", "created_at", "updated_at") VALUES (123, NULL, NULL, NULL, '2011-04-01 16:02:49.982448', '2011-04-01 16:02:49.982448')
  [1m[36mProduct Load (1.1ms)[0m  [1mSELECT "products".* FROM "products"[0m
  [1m[35mSQL (0.2ms)[0m   SELECT name
 FROM sqlite_master
 WHERE type = 'table' AND NOT name = 'sqlite_sequence'
  [1m[36mAREL (0.4ms)[0m  [1mINSERT INTO "products" ("title", "description", "image_url", "price", "created_at", "updated_at") VALUES (123, NULL, NULL, NULL, '2011-04-01 16:04:24.780089', '2011-04-01 16:04:24.780089')[0m
  [1m[36mSQL (0.2ms)[0m  [1m SELECT name
 FROM sqlite_master
 WHERE type = 'table' AND NOT name = 'sqlite_sequence'
[0m
  [1m[35mProduct Load (0.1ms)[0m  SELECT "products"."id" FROM "products" WHERE ("products"."title" = '123') LIMIT 1
  [1m[36mProduct Load (0.2ms)[0m  [1mSELECT "products"."id" FROM "products" WHERE ("products"."title" = '123') LIMIT 1[0m
  [1m[35mProduct Load (0.2ms)[0m  SELECT "products"."id" FROM "products" WHERE ("products"."title" = '1234') LIMIT 1
  [1m[36mAREL (0.6ms)[0m  [1mINSERT INTO "products" ("title", "description", "image_url", "price", "created_at", "updated_at") VALUES (1234, NULL, NULL, NULL, '2011-04-01 16:09:13.631531', '2011-04-01 16:09:13.631531')[0m


Started GET "/products" for 127.0.0.1 at 2011-04-01 12:58:22 -0400
Dalli::Server#connect 127.0.0.1:11211


Started GET "/products" for 127.0.0.1 at 2011-04-01 13:01:00 -0400
here
Dalli::Server#connect 127.0.0.1:11211


Started GET "/" for 127.0.0.1 at 2011-04-01 13:03:30 -0400
here
Dalli::Server#connect 127.0.0.1:11211
Dalli::Server#connect localhost:11211
localhost:11211 failed (count: 0)
localhost:11211 failed (count: 1)
localhost:11211 is down
Dalli::Server#connect 127.0.0.1:11211
127.0.0.1:11211 failed (count: 0)
127.0.0.1:11211 failed (count: 1)
127.0.0.1:11211 is down


Started GET "/" for 127.0.0.1 at 2011-04-01 13:08:57 -0400
here

NoMethodError (You have a nil object when you didn't expect it!
You might have expected an instance of Array.
The error occurred while evaluating nil.+):
  app/middleware/ip_throttler.rb:45:in `track'
  app/middleware/ip_throttler.rb:30:in `restrict?'
  app/middleware/ip_throttler.rb:13:in `call'

Rendered /Users/jmao/.rvm/gems/ruby-1.9.2-p136/gems/actionpack-3.0.4/lib/action_dispatch/middleware/templates/rescues/_trace.erb (1.2ms)
Rendered /Users/jmao/.rvm/gems/ruby-1.9.2-p136/gems/actionpack-3.0.4/lib/action_dispatch/middleware/templates/rescues/_request_and_response.erb (6.8ms)
Rendered /Users/jmao/.rvm/gems/ruby-1.9.2-p136/gems/actionpack-3.0.4/lib/action_dispatch/middleware/templates/rescues/diagnostics.erb within rescues/layout (12.5ms)


Started GET "/" for 127.0.0.1 at 2011-04-01 13:09:20 -0400
here

NoMethodError (You have a nil object when you didn't expect it!
You might have expected an instance of Array.
The error occurred while evaluating nil.+):
  app/middleware/ip_throttler.rb:45:in `track'
  app/middleware/ip_throttler.rb:30:in `restrict?'
  app/middleware/ip_throttler.rb:13:in `call'

Rendered /Users/jmao/.rvm/gems/ruby-1.9.2-p136/gems/actionpack-3.0.4/lib/action_dispatch/middleware/templates/rescues/_trace.erb (1.4ms)
Rendered /Users/jmao/.rvm/gems/ruby-1.9.2-p136/gems/actionpack-3.0.4/lib/action_dispatch/middleware/templates/rescues/_request_and_response.erb (1.4ms)
Rendered /Users/jmao/.rvm/gems/ruby-1.9.2-p136/gems/actionpack-3.0.4/lib/action_dispatch/middleware/templates/rescues/diagnostics.erb within rescues/layout (7.9ms)


Started GET "/" for 127.0.0.1 at 2011-04-01 13:09:23 -0400
here

NoMethodError (You have a nil object when you didn't expect it!
You might have expected an instance of Array.
The error occurred while evaluating nil.+):
  app/middleware/ip_throttler.rb:45:in `track'
  app/middleware/ip_throttler.rb:30:in `restrict?'
  app/middleware/ip_throttler.rb:13:in `call'

Rendered /Users/jmao/.rvm/gems/ruby-1.9.2-p136/gems/actionpack-3.0.4/lib/action_dispatch/middleware/templates/rescues/_trace.erb (1.3ms)
Rendered /Users/jmao/.rvm/gems/ruby-1.9.2-p136/gems/actionpack-3.0.4/lib/action_dispatch/middleware/templates/rescues/_request_and_response.erb (1.4ms)
Rendered /Users/jmao/.rvm/gems/ruby-1.9.2-p136/gems/actionpack-3.0.4/lib/action_dispatch/middleware/templates/rescues/diagnostics.erb within rescues/layout (7.6ms)


Started GET "/" for 127.0.0.1 at 2011-04-01 13:09:25 -0400
here

NoMethodError (You have a nil object when you didn't expect it!
You might have expected an instance of Array.
The error occurred while evaluating nil.+):
  app/middleware/ip_throttler.rb:45:in `track'
  app/middleware/ip_throttler.rb:30:in `restrict?'
  app/middleware/ip_throttler.rb:13:in `call'

Rendered /Users/jmao/.rvm/gems/ruby-1.9.2-p136/gems/actionpack-3.0.4/lib/action_dispatch/middleware/templates/rescues/_trace.erb (1.2ms)
Rendered /Users/jmao/.rvm/gems/ruby-1.9.2-p136/gems/actionpack-3.0.4/lib/action_dispatch/middleware/templates/rescues/_request_and_response.erb (1.4ms)
Rendered /Users/jmao/.rvm/gems/ruby-1.9.2-p136/gems/actionpack-3.0.4/lib/action_dispatch/middleware/templates/rescues/diagnostics.erb within rescues/layout (7.2ms)


Started GET "/" for 127.0.0.1 at 2011-04-01 13:09:46 -0400
here

NoMethodError (You have a nil object when you didn't expect it!
You might have expected an instance of Array.
The error occurred while evaluating nil.+):
  app/middleware/ip_throttler.rb:46:in `track'
  app/middleware/ip_throttler.rb:31:in `restrict?'
  app/middleware/ip_throttler.rb:13:in `call'

Rendered /Users/jmao/.rvm/gems/ruby-1.9.2-p136/gems/actionpack-3.0.4/lib/action_dispatch/middleware/templates/rescues/_trace.erb (1.9ms)
Rendered /Users/jmao/.rvm/gems/ruby-1.9.2-p136/gems/actionpack-3.0.4/lib/action_dispatch/middleware/templates/rescues/_request_and_response.erb (8.4ms)
Rendered /Users/jmao/.rvm/gems/ruby-1.9.2-p136/gems/actionpack-3.0.4/lib/action_dispatch/middleware/templates/rescues/diagnostics.erb within rescues/layout (14.7ms)


Started GET "/" for 127.0.0.1 at 2011-04-01 13:11:46 -0400
here

NoMethodError (You have a nil object when you didn't expect it!
You might have expected an instance of Array.
The error occurred while evaluating nil.+):
  app/middleware/ip_throttler.rb:46:in `track'
  app/middleware/ip_throttler.rb:31:in `restrict?'
  app/middleware/ip_throttler.rb:13:in `call'

Rendered /Users/jmao/.rvm/gems/ruby-1.9.2-p136/gems/actionpack-3.0.4/lib/action_dispatch/middleware/templates/rescues/_trace.erb (1.6ms)
Rendered /Users/jmao/.rvm/gems/ruby-1.9.2-p136/gems/actionpack-3.0.4/lib/action_dispatch/middleware/templates/rescues/_request_and_response.erb (1.4ms)
Rendered /Users/jmao/.rvm/gems/ruby-1.9.2-p136/gems/actionpack-3.0.4/lib/action_dispatch/middleware/templates/rescues/diagnostics.erb within rescues/layout (7.6ms)


Started GET "/" for 127.0.0.1 at 2011-04-01 13:12:11 -0400
here

NoMethodError (You have a nil object when you didn't expect it!
You might have expected an instance of Array.
The error occurred while evaluating nil.+):
  app/middleware/ip_throttler.rb:48:in `track'
  app/middleware/ip_throttler.rb:30:in `restrict?'
  app/middleware/ip_throttler.rb:13:in `call'

Rendered /Users/jmao/.rvm/gems/ruby-1.9.2-p136/gems/actionpack-3.0.4/lib/action_dispatch/middleware/templates/rescues/_trace.erb (1.3ms)
Rendered /Users/jmao/.rvm/gems/ruby-1.9.2-p136/gems/actionpack-3.0.4/lib/action_dispatch/middleware/templates/rescues/_request_and_response.erb (6.8ms)
Rendered /Users/jmao/.rvm/gems/ruby-1.9.2-p136/gems/actionpack-3.0.4/lib/action_dispatch/middleware/templates/rescues/diagnostics.erb within rescues/layout (12.6ms)


Started GET "/" for 127.0.0.1 at 2011-04-01 13:15:36 -0400
here
Dalli::Server#connect 127.0.0.1:11211

NoMethodError (undefined method `cache_incr' for IpThrottler:Class):
  app/middleware/ip_throttler.rb:44:in `track'
  app/middleware/ip_throttler.rb:30:in `restrict?'
  app/middleware/ip_throttler.rb:13:in `call'

Rendered /Users/jmao/.rvm/gems/ruby-1.9.2-p136/gems/actionpack-3.0.4/lib/action_dispatch/middleware/templates/rescues/_trace.erb (1.2ms)
Rendered /Users/jmao/.rvm/gems/ruby-1.9.2-p136/gems/actionpack-3.0.4/lib/action_dispatch/middleware/templates/rescues/_request_and_response.erb (9.6ms)
Rendered /Users/jmao/.rvm/gems/ruby-1.9.2-p136/gems/actionpack-3.0.4/lib/action_dispatch/middleware/templates/rescues/diagnostics.erb within rescues/layout (15.0ms)


Started GET "/" for 127.0.0.1 at 2011-04-01 13:17:26 -0400
here
Dalli::Server#connect 127.0.0.1:11211

ActionController::RoutingError (No route matches "/"):
  

Rendered /Users/jmao/.rvm/gems/ruby-1.9.2-p136/gems/actionpack-3.0.4/lib/action_dispatch/middleware/templates/rescues/routing_error.erb within rescues/layout (1.3ms)


Started GET "/" for 127.0.0.1 at 2011-04-01 13:17:30 -0400
here

ActionController::RoutingError (No route matches "/"):
  

Rendered /Users/jmao/.rvm/gems/ruby-1.9.2-p136/gems/actionpack-3.0.4/lib/action_dispatch/middleware/templates/rescues/routing_error.erb within rescues/layout (1.0ms)


Started GET "/" for 127.0.0.1 at 2011-04-01 13:17:31 -0400
here

ActionController::RoutingError (No route matches "/"):
  

Rendered /Users/jmao/.rvm/gems/ruby-1.9.2-p136/gems/actionpack-3.0.4/lib/action_dispatch/middleware/templates/rescues/routing_error.erb within rescues/layout (1.0ms)


Started GET "/" for 127.0.0.1 at 2011-04-01 13:17:32 -0400
here

ActionController::RoutingError (No route matches "/"):
  

Rendered /Users/jmao/.rvm/gems/ruby-1.9.2-p136/gems/actionpack-3.0.4/lib/action_dispatch/middleware/templates/rescues/routing_error.erb within rescues/layout (1.0ms)


Started GET "/" for 127.0.0.1 at 2011-04-01 13:17:33 -0400
here

ActionController::RoutingError (No route matches "/"):
  

Rendered /Users/jmao/.rvm/gems/ruby-1.9.2-p136/gems/actionpack-3.0.4/lib/action_dispatch/middleware/templates/rescues/routing_error.erb within rescues/layout (1.0ms)


Started GET "/" for 127.0.0.1 at 2011-04-01 13:17:34 -0400
here


Started GET "/" for 127.0.0.1 at 2011-04-01 13:22:44 -0400
here

ActionController::RoutingError (No route matches "/"):
  

Rendered /Users/jmao/.rvm/gems/ruby-1.9.2-p136/gems/actionpack-3.0.4/lib/action_dispatch/middleware/templates/rescues/routing_error.erb within rescues/layout (1.1ms)


Started GET "/" for 127.0.0.1 at 2011-04-01 13:22:47 -0400
here

ActionController::RoutingError (No route matches "/"):
  

Rendered /Users/jmao/.rvm/gems/ruby-1.9.2-p136/gems/actionpack-3.0.4/lib/action_dispatch/middleware/templates/rescues/routing_error.erb within rescues/layout (1.0ms)


Started GET "/" for 127.0.0.1 at 2011-04-01 13:22:50 -0400
here

ActionController::RoutingError (No route matches "/"):
  

Rendered /Users/jmao/.rvm/gems/ruby-1.9.2-p136/gems/actionpack-3.0.4/lib/action_dispatch/middleware/templates/rescues/routing_error.erb within rescues/layout (1.1ms)


Started GET "/" for 127.0.0.1 at 2011-04-01 13:22:52 -0400
here

ActionController::RoutingError (No route matches "/"):
  

Rendered /Users/jmao/.rvm/gems/ruby-1.9.2-p136/gems/actionpack-3.0.4/lib/action_dispatch/middleware/templates/rescues/routing_error.erb within rescues/layout (1.0ms)


Started GET "/" for 127.0.0.1 at 2011-04-01 13:22:54 -0400
here

ActionController::RoutingError (No route matches "/"):
  

Rendered /Users/jmao/.rvm/gems/ruby-1.9.2-p136/gems/actionpack-3.0.4/lib/action_dispatch/middleware/templates/rescues/routing_error.erb within rescues/layout (1.0ms)


Started GET "/" for 127.0.0.1 at 2011-04-01 13:22:56 -0400
here


Started GET "/" for 127.0.0.1 at 2011-04-01 13:22:58 -0400
here
